<?xml version="1.0" encoding="UTF-8"?>
<!-- Generated by org.testng.reporters.JUnitXMLReporter -->
<testsuite hostname="hp" name="imdTest1" tests="1" failures="1" timestamp="31 Mar 2017 12:15:36 GMT" time="1.117" errors="0">
  <testcase name="imdTest1" time="1.085" classname="com.imdb.App">
    <failure type="java.lang.NoClassDefFoundError" message="org/openqa/selenium/internal/HasIdentity">
      <![CDATA[java.lang.NoClassDefFoundError: org/openqa/selenium/internal/HasIdentity
	at io.appium.java_client.android.internal.JsonToAndroidElementConverter.newMobileElement(JsonToAndroidElementConverter.java:31)
	at io.appium.java_client.internal.JsonToMobileElementConverter.apply(JsonToMobileElementConverter.java:59)
	at org.openqa.selenium.remote.RemoteWebDriver.execute(RemoteWebDriver.java:581)
	at io.appium.java_client.DefaultGenericMobileDriver.execute(DefaultGenericMobileDriver.java:40)
	at io.appium.java_client.AppiumDriver.execute(AppiumDriver.java:1)
	at io.appium.java_client.android.AndroidDriver.execute(AndroidDriver.java:1)
	at org.openqa.selenium.remote.RemoteWebDriver.findElement(RemoteWebDriver.java:352)
	at io.appium.java_client.DefaultGenericMobileDriver.findElement(DefaultGenericMobileDriver.java:56)
	at io.appium.java_client.AppiumDriver.findElement(AppiumDriver.java:1)
	at io.appium.java_client.android.AndroidDriver.findElement(AndroidDriver.java:1)
	at org.openqa.selenium.remote.RemoteWebDriver.findElementByName(RemoteWebDriver.java:425)
	at io.appium.java_client.DefaultGenericMobileDriver.findElementByName(DefaultGenericMobileDriver.java:104)
	at io.appium.java_client.AppiumDriver.findElementByName(AppiumDriver.java:1)
	at io.appium.java_client.android.AndroidDriver.findElementByName(AndroidDriver.java:1)
	at org.openqa.selenium.By$ByName.findElement(By.java:299)
	at org.openqa.selenium.remote.RemoteWebDriver.findElement(RemoteWebDriver.java:344)
	at io.appium.java_client.DefaultGenericMobileDriver.findElement(DefaultGenericMobileDriver.java:52)
	at io.appium.java_client.AppiumDriver.findElement(AppiumDriver.java:1)
	at io.appium.java_client.android.AndroidDriver.findElement(AndroidDriver.java:1)
	at com.imdb.AppTest.clickOnDrawer(AppTest.java:31)
	at com.imdb.App.imdTest1(App.java:73)
Caused by: java.lang.ClassNotFoundException: org.openqa.selenium.internal.HasIdentity
	at java.net.URLClassLoader.findClass(Unknown Source)
	at java.lang.ClassLoader.loadClass(Unknown Source)
	at sun.misc.Launcher$AppClassLoader.loadClass(Unknown Source)
	at java.lang.ClassLoader.loadClass(Unknown Source)
	... 45 more
... Removed 24 stack frames]]>
    </failure>
  </testcase> <!-- imdTest1 -->
</testsuite> <!-- imdTest1 -->
