<?xml version="1.0" encoding="UTF-8"?>
<testng-results skipped="0" failed="1" total="2" passed="1">
  <reporter-output>
  </reporter-output>
  <suite name="Default suite" duration-ms="52701" started-at="2017-04-03T12:42:56Z" finished-at="2017-04-03T12:43:48Z">
    <groups>
    </groups>
    <test name="Default test" duration-ms="52701" started-at="2017-04-03T12:42:56Z" finished-at="2017-04-03T12:43:48Z">
      <class name="com.imdb.App">
        <test-method status="PASS" signature="launch()[pri:0, instance:com.imdb.App@7cd62f43]" name="launch" is-config="true" duration-ms="18991" started-at="2017-04-03T18:12:37Z" finished-at="2017-04-03T18:12:56Z">
          <reporter-output>
          </reporter-output>
        </test-method> <!-- launch -->
        <test-method status="FAIL" signature="imdTest1()[pri:0, instance:com.imdb.App@7cd62f43]" name="imdTest1" duration-ms="50469" started-at="2017-04-03T18:12:56Z" finished-at="2017-04-03T18:13:46Z">
          <exception class="org.openqa.selenium.NoSuchElementException">
            <message>
              <![CDATA[An element could not be located on the page using the given search parameters. (WARNING: The server did not provide any stacktrace information)
Command duration or timeout: 20.18 seconds
For documentation on this error, please visit: http://seleniumhq.org/exceptions/no_such_element.html
Build info: version: '2.47.0', revision: '0e4837e94b1fad0db93e88cd972ed3e235a22892', time: '2015-07-29 15:58:41'
System info: host: 'hp', ip: '192.168.1.127', os.name: 'Windows 10', os.arch: 'amd64', os.version: '10.0', java.version: '1.8.0_101'
Driver info: io.appium.java_client.android.AndroidDriver
Capabilities [{app=C:\Users\admin\Desktop\IMDb_Project\Imdb\src\main\java\Imdb.apk, appPackage=com.imdb.mobile, networkConnectionEnabled=true, warnings={}, databaseEnabled=false, deviceName=E8AZCY010328, platform=LINUX, appActivity=com.imdb.mobile.HomeActivity, desired={app=C:\Users\admin\Desktop\IMDb_Project\Imdb\src\main\java\Imdb.apk, appPackage=com.imdb.mobile, appActivity=com.imdb.mobile.HomeActivity, platformVersion=4.4.4, platformName=Android, deviceName=MoTo E}, platformVersion=4.4.2, webStorageEnabled=false, locationContextEnabled=false, browserName=Android, takesScreenshot=true, javascriptEnabled=true, platformName=Android}]
Session ID: 084d7bbb-c664-4ea3-981f-725d480fa839
*** Element info: {Using=name, value=Top Rated Movies}]]>
            </message>
            <full-stacktrace>
              <![CDATA[org.openqa.selenium.NoSuchElementException: An element could not be located on the page using the given search parameters. (WARNING: The server did not provide any stacktrace information)
Command duration or timeout: 20.18 seconds
For documentation on this error, please visit: http://seleniumhq.org/exceptions/no_such_element.html
Build info: version: '2.47.0', revision: '0e4837e94b1fad0db93e88cd972ed3e235a22892', time: '2015-07-29 15:58:41'
System info: host: 'hp', ip: '192.168.1.127', os.name: 'Windows 10', os.arch: 'amd64', os.version: '10.0', java.version: '1.8.0_101'
Driver info: io.appium.java_client.android.AndroidDriver
Capabilities [{app=C:\Users\admin\Desktop\IMDb_Project\Imdb\src\main\java\Imdb.apk, appPackage=com.imdb.mobile, networkConnectionEnabled=true, warnings={}, databaseEnabled=false, deviceName=E8AZCY010328, platform=LINUX, appActivity=com.imdb.mobile.HomeActivity, desired={app=C:\Users\admin\Desktop\IMDb_Project\Imdb\src\main\java\Imdb.apk, appPackage=com.imdb.mobile, appActivity=com.imdb.mobile.HomeActivity, platformVersion=4.4.4, platformName=Android, deviceName=MoTo E}, platformVersion=4.4.2, webStorageEnabled=false, locationContextEnabled=false, browserName=Android, takesScreenshot=true, javascriptEnabled=true, platformName=Android}]
Session ID: 084d7bbb-c664-4ea3-981f-725d480fa839
*** Element info: {Using=name, value=Top Rated Movies}
	at sun.reflect.NativeConstructorAccessorImpl.newInstance0(Native Method)
	at sun.reflect.NativeConstructorAccessorImpl.newInstance(Unknown Source)
	at sun.reflect.DelegatingConstructorAccessorImpl.newInstance(Unknown Source)
	at java.lang.reflect.Constructor.newInstance(Unknown Source)
	at org.openqa.selenium.remote.ErrorHandler.createThrowable(ErrorHandler.java:204)
	at org.openqa.selenium.remote.ErrorHandler.throwIfResponseFailed(ErrorHandler.java:156)
	at org.openqa.selenium.remote.RemoteWebDriver.execute(RemoteWebDriver.java:599)
	at io.appium.java_client.DefaultGenericMobileDriver.execute(DefaultGenericMobileDriver.java:40)
	at io.appium.java_client.AppiumDriver.execute(AppiumDriver.java:1)
	at io.appium.java_client.android.AndroidDriver.execute(AndroidDriver.java:1)
	at org.openqa.selenium.remote.RemoteWebDriver.findElement(RemoteWebDriver.java:352)
	at io.appium.java_client.DefaultGenericMobileDriver.findElement(DefaultGenericMobileDriver.java:56)
	at io.appium.java_client.AppiumDriver.findElement(AppiumDriver.java:1)
	at io.appium.java_client.android.AndroidDriver.findElement(AndroidDriver.java:1)
	at org.openqa.selenium.remote.RemoteWebDriver.findElementByName(RemoteWebDriver.java:425)
	at io.appium.java_client.DefaultGenericMobileDriver.findElementByName(DefaultGenericMobileDriver.java:104)
	at io.appium.java_client.AppiumDriver.findElementByName(AppiumDriver.java:1)
	at io.appium.java_client.android.AndroidDriver.findElementByName(AndroidDriver.java:1)
	at org.openqa.selenium.By$ByName.findElement(By.java:300)
	at org.openqa.selenium.remote.RemoteWebDriver.findElement(RemoteWebDriver.java:344)
	at io.appium.java_client.DefaultGenericMobileDriver.findElement(DefaultGenericMobileDriver.java:52)
	at io.appium.java_client.AppiumDriver.findElement(AppiumDriver.java:1)
	at io.appium.java_client.android.AndroidDriver.findElement(AndroidDriver.java:1)
	at com.imdb.Data.selectTopRatedMovies(Data.java:81)
	at com.imdb.App.imdTest1(App.java:111)
	at sun.reflect.NativeMethodAccessorImpl.invoke0(Native Method)
	at sun.reflect.NativeMethodAccessorImpl.invoke(Unknown Source)
	at sun.reflect.DelegatingMethodAccessorImpl.invoke(Unknown Source)
	at java.lang.reflect.Method.invoke(Unknown Source)
	at org.testng.internal.MethodInvocationHelper.invokeMethod(MethodInvocationHelper.java:86)
	at org.testng.internal.Invoker.invokeMethod(Invoker.java:643)
	at org.testng.internal.Invoker.invokeTestMethod(Invoker.java:820)
	at org.testng.internal.Invoker.invokeTestMethods(Invoker.java:1128)
	at org.testng.internal.TestMethodWorker.invokeTestMethods(TestMethodWorker.java:129)
	at org.testng.internal.TestMethodWorker.run(TestMethodWorker.java:112)
	at org.testng.TestRunner.privateRun(TestRunner.java:782)
	at org.testng.TestRunner.run(TestRunner.java:632)
	at org.testng.SuiteRunner.runTest(SuiteRunner.java:366)
	at org.testng.SuiteRunner.runSequentially(SuiteRunner.java:361)
	at org.testng.SuiteRunner.privateRun(SuiteRunner.java:319)
	at org.testng.SuiteRunner.run(SuiteRunner.java:268)
	at org.testng.SuiteRunnerWorker.runSuite(SuiteRunnerWorker.java:52)
	at org.testng.SuiteRunnerWorker.run(SuiteRunnerWorker.java:86)
	at org.testng.TestNG.runSuitesSequentially(TestNG.java:1244)
	at org.testng.TestNG.runSuitesLocally(TestNG.java:1169)
	at org.testng.TestNG.run(TestNG.java:1064)
	at org.testng.remote.AbstractRemoteTestNG.run(AbstractRemoteTestNG.java:126)
	at org.testng.remote.RemoteTestNG.initAndRun(RemoteTestNG.java:152)
	at org.testng.remote.RemoteTestNG.main(RemoteTestNG.java:57)
]]>
            </full-stacktrace>
          </exception> <!-- org.openqa.selenium.NoSuchElementException -->
          <reporter-output>
          </reporter-output>
        </test-method> <!-- imdTest1 -->
        <test-method status="PASS" signature="launchImdbApp()[pri:0, instance:com.imdb.App@7cd62f43]" name="launchImdbApp" duration-ms="2200" started-at="2017-04-03T18:13:46Z" finished-at="2017-04-03T18:13:48Z">
          <reporter-output>
          </reporter-output>
        </test-method> <!-- launchImdbApp -->
        <test-method status="PASS" signature="exit()[pri:0, instance:com.imdb.App@7cd62f43]" name="exit" is-config="true" duration-ms="951" started-at="2017-04-03T18:13:48Z" finished-at="2017-04-03T18:13:49Z">
          <reporter-output>
          </reporter-output>
        </test-method> <!-- exit -->
      </class> <!-- com.imdb.App -->
    </test> <!-- Default test -->
  </suite> <!-- Default suite -->
</testng-results>
